<?xml version="1.0" encoding="UTF-8"?>
<!-- Generated by org.testng.reporters.JUnitReportReporter -->
<testsuite hostname="LAPTOP-VLNDL6NA" failures="0" tests="1" name="orangeHRM5.demo1" time="7.712" errors="0" timestamp="2021-10-11T12:01:35 IST" skipped="0">
  <testcase classname="orangeHRM5.demo1" name="login" time="7.712"/>
</testsuite> <!-- orangeHRM5.demo1 -->
