<?xml version="1.0" encoding="UTF-8"?>
<!-- Generated by org.testng.reporters.JUnitReportReporter -->
<testsuite hostname="LAPTOP-VLNDL6NA" failures="0" tests="1" name="simplepackage.Orangehrm55" time="8.011" errors="0" timestamp="2021-10-11T23:17:18 IST" skipped="0">
  <testcase classname="simplepackage.Orangehrm55" name="f" time="8.011"/>
</testsuite> <!-- simplepackage.Orangehrm55 -->
